<?xml version="1.0" encoding="UTF-8"?>
<!-- Generated by org.testng.reporters.JUnitReportReporter -->
<testsuite skipped="0" hostname="DESKTOP-Q15TQC0" name="com.qa.testcases.LoginFreeCrm" tests="2" failures="0" timestamp="30 Aug 2018 05:05:36 GMT" time="32.214" errors="0">
  <testcase name="loginAction" time="26.308" classname="com.qa.testcases.LoginFreeCrm"/>
  <testcase name="logOutAction" time="5.906" classname="com.qa.testcases.LoginFreeCrm"/>
</testsuite> <!-- com.qa.testcases.LoginFreeCrm -->
