<?xml version="1.0" encoding="UTF-8"?>
<!-- Generated by org.testng.reporters.JUnitReportReporter -->
<testsuite hostname="DESKTOP-Q15TQC0" failures="0" tests="2" name="com.qa.testcases.LoginFreeCrm" time="35.166" errors="0" timestamp="28 Aug 2018 08:13:46 GMT" skipped="0">
  <testcase classname="com.qa.testcases.LoginFreeCrm" name="loginAction" time="27.581"/>
  <testcase classname="com.qa.testcases.LoginFreeCrm" name="logOutAction" time="7.585"/>
</testsuite> <!-- com.qa.testcases.LoginFreeCrm -->
