<?xml version="1.0" encoding="UTF-8"?>
<!-- Generated by org.testng.reporters.JUnitReportReporter -->
<testsuite skipped="0" hostname="DESKTOP-Q15TQC0" name="com.qa.testcases.LoginFreeCrm" tests="2" failures="0" timestamp="08 Sep 2018 05:01:09 GMT" time="30.097" errors="0">
  <testcase name="loginAction" time="24.222" classname="com.qa.testcases.LoginFreeCrm"/>
  <testcase name="logOutAction" time="5.875" classname="com.qa.testcases.LoginFreeCrm"/>
</testsuite> <!-- com.qa.testcases.LoginFreeCrm -->
